<?xml version="1.0" encoding="UTF-8"?>
<testsuite xmlns:xsi="http://www.w3.org/2001/XMLSchema-instance" xsi:noNamespaceSchemaLocation="https://maven.apache.org/surefire/maven-surefire-plugin/xsd/surefire-test-report-3.0.xsd" version="3.0" name="TestSuite" time="38.626" tests="3" errors="0" skipped="0" failures="0">
  <properties>
[...]
</properties>
  <testcase name="runScenario[&quot;loginFunctioninvalidcredential&quot;, &quot;login&quot;](1)" classname="com.luma.base.TestRunner" time="14.303">
    <system-out><![CDATA[Launching FireFox Driver
]]></system-out>
    <system-err><![CDATA[SLF4J: Failed to load class "org.slf4j.impl.StaticLoggerBinder".
SLF4J: Defaulting to no-operation (NOP) logger implementation
SLF4J: See http://www.slf4j.org/codes.html#StaticLoggerBinder for further details.
]]></system-err>
  </testcase>
  <testcase name="runScenario[&quot;loginFunctioninvalidcredential&quot;, &quot;login&quot;](2)" classname="com.luma.base.TestRunner" time="11.733">
    <system-out><![CDATA[Launching FireFox Driver
]]></system-out>
  </testcase>
  <testcase name="runScenario[&quot;loginFunctioninvalidcredential&quot;, &quot;login&quot;](3)" classname="com.luma.base.TestRunner" time="11.555">
    <system-out><![CDATA[Launching FireFox Driver
]]></system-out>
  </testcase>
</testsuite>