<?xml version="1.0" encoding="UTF-8"?>
<testsuite xmlns:xsi="http://www.w3.org/2001/XMLSchema-instance" xsi:noNamespaceSchemaLocation="https://maven.apache.org/surefire/maven-surefire-plugin/xsd/surefire-test-report-3.0.xsd" version="3.0" name="TestSuite" time="55.602" tests="5" errors="0" skipped="0" failures="1">
  <properties>
[...]
</properties>
  <testcase name="runScenario[&quot;loginFunctioninvalidcredential&quot;, &quot;login&quot;](1)" classname="com.luma.base.TestRunner" time="12.973">
    <system-out><![CDATA[2024-03-29 21:01:48,607 DEBUG - Using Log4J as the default logging framework
2024-03-29 21:01:48,612 DEBUG - -Dio.netty.leakDetection.level: simple
2024-03-29 21:01:48,612 DEBUG - -Dio.netty.leakDetection.targetRecords: 4
2024-03-29 21:01:48,616 DEBUG - Loaded default ResourceLeakDetector: io.netty.util.ResourceLeakDetector@1af1347d
2024-03-29 21:01:48,635 DEBUG - -Dio.netty.noUnsafe: false
2024-03-29 21:01:48,635 DEBUG - Java version: 20
2024-03-29 21:01:48,637 DEBUG - sun.misc.Unsafe.theUnsafe: available
2024-03-29 21:01:48,638 DEBUG - sun.misc.Unsafe.copyMemory: available
2024-03-29 21:01:48,639 DEBUG - sun.misc.Unsafe.storeFence: available
2024-03-29 21:01:48,639 DEBUG - java.nio.Buffer.address: available
2024-03-29 21:01:48,640 DEBUG - direct buffer constructor: unavailable: Reflective setAccessible(true) disabled
2024-03-29 21:01:48,641 DEBUG - java.nio.Bits.unaligned: available, true
2024-03-29 21:01:48,642 DEBUG - jdk.internal.misc.Unsafe.allocateUninitializedArray(int): unavailable: class io.netty.util.internal.PlatformDependent0$7 cannot access class jdk.internal.misc.Unsafe (in module java.base) because module java.base does not export jdk.internal.misc to unnamed module @4efc180e
2024-03-29 21:01:48,643 DEBUG - java.nio.DirectByteBuffer.<init>(long, {int,long}): unavailable
2024-03-29 21:01:48,644 DEBUG - sun.misc.Unsafe: available
2024-03-29 21:01:48,645 DEBUG - maxDirectMemory: 4265607168 bytes (maybe)
2024-03-29 21:01:48,646 DEBUG - -Dio.netty.tmpdir: C:\Users\DELL\AppData\Local\Temp (java.io.tmpdir)
2024-03-29 21:01:48,646 DEBUG - -Dio.netty.bitMode: 64 (sun.arch.data.model)
2024-03-29 21:01:48,647 DEBUG - Platform: Windows
2024-03-29 21:01:48,648 DEBUG - -Dio.netty.maxDirectMemory: -1 bytes
2024-03-29 21:01:48,648 DEBUG - -Dio.netty.uninitializedArrayAllocationThreshold: -1
2024-03-29 21:01:48,650 DEBUG - java.nio.ByteBuffer.cleaner(): available
2024-03-29 21:01:48,650 DEBUG - -Dio.netty.noPreferDirect: false
2024-03-29 21:01:48,659 DEBUG - org.jctools-core.MpscChunkedArrayQueue: available
2024-03-29 21:01:48,690 DEBUG - -Dio.netty.threadLocalMap.stringBuilder.initialSize: 1024
2024-03-29 21:01:48,690 DEBUG - -Dio.netty.threadLocalMap.stringBuilder.maxSize: 4096
2024-03-29 21:01:48,918 DEBUG - Default protocols (JDK): [TLSv1.3, TLSv1.2] 
2024-03-29 21:01:48,919 DEBUG - Default cipher suites (JDK): [TLS_ECDHE_ECDSA_WITH_AES_256_GCM_SHA384, TLS_ECDHE_ECDSA_WITH_AES_128_GCM_SHA256, TLS_ECDHE_RSA_WITH_AES_128_GCM_SHA256, TLS_ECDHE_RSA_WITH_AES_256_GCM_SHA384, TLS_ECDHE_RSA_WITH_AES_128_CBC_SHA, TLS_ECDHE_RSA_WITH_AES_256_CBC_SHA, TLS_RSA_WITH_AES_128_GCM_SHA256, TLS_RSA_WITH_AES_128_CBC_SHA, TLS_RSA_WITH_AES_256_CBC_SHA, TLS_AES_128_GCM_SHA256, TLS_AES_256_GCM_SHA384]
2024-03-29 21:01:48,931 DEBUG - -Dio.netty.globalEventExecutor.quietPeriodSeconds: 1
2024-03-29 21:01:48,944 DEBUG - -Dio.netty.eventLoopThreads: 8
2024-03-29 21:01:48,953 DEBUG - -Dio.netty.noKeySetOptimization: false
2024-03-29 21:01:48,954 DEBUG - -Dio.netty.selectorAutoRebuildThreshold: 512
2024-03-29 21:01:48,996 DEBUG - -Dio.netty.allocator.numHeapArenas: 8
2024-03-29 21:01:48,996 DEBUG - -Dio.netty.allocator.numDirectArenas: 8
2024-03-29 21:01:48,997 DEBUG - -Dio.netty.allocator.pageSize: 8192
2024-03-29 21:01:48,997 DEBUG - -Dio.netty.allocator.maxOrder: 9
2024-03-29 21:01:48,997 DEBUG - -Dio.netty.allocator.chunkSize: 4194304
2024-03-29 21:01:48,997 DEBUG - -Dio.netty.allocator.smallCacheSize: 256
2024-03-29 21:01:48,997 DEBUG - -Dio.netty.allocator.normalCacheSize: 64
2024-03-29 21:01:48,997 DEBUG - -Dio.netty.allocator.maxCachedBufferCapacity: 32768
2024-03-29 21:01:48,997 DEBUG - -Dio.netty.allocator.cacheTrimInterval: 8192
2024-03-29 21:01:48,997 DEBUG - -Dio.netty.allocator.cacheTrimIntervalMillis: 0
2024-03-29 21:01:48,997 DEBUG - -Dio.netty.allocator.useCacheForAllThreads: false
2024-03-29 21:01:48,998 DEBUG - -Dio.netty.allocator.maxCachedByteBuffersPerChunk: 1023
2024-03-29 21:01:49,023 DEBUG - -Dio.netty.allocator.type: pooled
2024-03-29 21:01:49,024 DEBUG - -Dio.netty.threadLocalDirectBufferSize: 0
2024-03-29 21:01:49,024 DEBUG - -Dio.netty.maxThreadLocalCharBufferSize: 16384
2024-03-29 21:01:49,229 DEBUG - -Dio.netty.processId: 8908 (auto-detected)
2024-03-29 21:01:49,232 DEBUG - -Djava.net.preferIPv4Stack: false
2024-03-29 21:01:49,232 DEBUG - -Djava.net.preferIPv6Addresses: false
2024-03-29 21:01:49,246 DEBUG - Loopback interface: lo (Software Loopback Interface 1, 127.0.0.1)
2024-03-29 21:01:49,247 DEBUG - Failed to get SOMAXCONN from sysctl and file \proc\sys\net\core\somaxconn. Default: 200
2024-03-29 21:01:49,278 DEBUG - -Dio.netty.machineId: 00:23:15:ff:fe:f5:81:79 (auto-detected)
2024-03-29 21:01:49,322 DEBUG - -Dio.netty.buffer.checkAccessible: true
2024-03-29 21:01:49,322 DEBUG - -Dio.netty.buffer.checkBounds: true
2024-03-29 21:01:49,322 DEBUG - Loaded default ResourceLeakDetector: io.netty.util.ResourceLeakDetector@2501fa2c
2024-03-29 21:01:49,352 DEBUG - -Dio.netty.recycler.maxCapacityPerThread: 4096
2024-03-29 21:01:49,352 DEBUG - -Dio.netty.recycler.ratio: 8
2024-03-29 21:01:49,352 DEBUG - -Dio.netty.recycler.chunkSize: 32
2024-03-29 21:01:49,352 DEBUG - -Dio.netty.recycler.blocking: false
2024-03-29 21:01:49,352 DEBUG - -Dio.netty.recycler.batchFastThreadLocalOnly: true
2024-03-29 21:01:51,984 DEBUG - brotli4j not in the classpath; Brotli support will be unavailable.
2024-03-29 21:01:52,359 INFO  - Launching FireFox Driver
2024-03-29 21:01:59,563 DEBUG - -Dio.netty.initialSeedUniquifier: 0x18cc7424be81d538
]]></system-out>
    <system-err><![CDATA[SLF4J: Failed to load class "org.slf4j.impl.StaticLoggerBinder".
SLF4J: Defaulting to no-operation (NOP) logger implementation
SLF4J: See http://www.slf4j.org/codes.html#StaticLoggerBinder for further details.
]]></system-err>
  </testcase>
  <testcase name="runScenario[&quot;loginFunctioninvalidcredential&quot;, &quot;login&quot;](2)" classname="com.luma.base.TestRunner" time="11.528">
    <system-out><![CDATA[2024-03-29 21:02:03,984 INFO  - Launching FireFox Driver
]]></system-out>
  </testcase>
  <testcase name="runScenario[&quot;loginFunctioninvalidcredential&quot;, &quot;login&quot;](3)" classname="com.luma.base.TestRunner" time="11.206">
    <system-out><![CDATA[2024-03-29 21:02:15,686 INFO  - Launching FireFox Driver
]]></system-out>
  </testcase>
  <testcase name="runScenario[&quot;&quot;, &quot;login&quot;](4)" classname="com.luma.base.TestRunner" time="11.574">
    <failure message="expected [ssss] but found []" type="java.lang.AssertionError"><![CDATA[java.lang.AssertionError: expected [ssss] but found []
	at org.testng.Assert.fail(Assert.java:99)
	at org.testng.Assert.failNotEquals(Assert.java:1037)
	at org.testng.Assert.assertEqualsImpl(Assert.java:140)
	at org.testng.Assert.assertEquals(Assert.java:122)
	at org.testng.Assert.assertEquals(Assert.java:629)
	at org.testng.Assert.assertEquals(Assert.java:639)
	at com.luma.stepdefinition.A0_lumaLoginStepDefinition.loggedMsg(A0_lumaLoginStepDefinition.java:51)
	at ✽.getValidCredentialMsg(file:///D:/01%20Sameer/01%20Java/01%20Project/ssWorkspace/Z85_LUMA/src/test/resources/Features/Login.feature:19)
]]></failure>
    <system-out><![CDATA[2024-03-29 21:02:26,625 INFO  - Launching FireFox Driver
]]></system-out>
    <system-err><![CDATA[
]]></system-err>
  </testcase>
  <testcase name="runScenario[&quot;Step Para&quot;, &quot;Registration Page&quot;](5)" classname="com.luma.base.TestRunner" time="7.206">
    <system-out><![CDATA[2024-03-29 21:02:38,387 INFO  - Launching FireFox Driver
27
]]></system-out>
  </testcase>
</testsuite>