<?xml version="1.0" encoding="UTF-8"?>
<testng-results ignored="0" total="3" passed="3" failed="0" skipped="0">
  <reporter-output>
  </reporter-output>
  <suite started-at="2024-03-26T09:09:37 IST" name="Suite" finished-at="2024-03-26T09:10:15 IST" duration-ms="37936">
    <groups>
      <group name="cucumber">
        <method signature="AbstractTestNGCucumberTests.runScenario(io.cucumber.testng.PickleWrapper,io.cucumber.testng.FeatureWrapper)[pri:0, instance:com.luma.base.TestRunner@393671df]" name="runScenario" class="io.cucumber.testng.AbstractTestNGCucumberTests"/>
      </group> <!-- cucumber -->
    </groups>
    <test started-at="2024-03-26T09:09:37 IST" name="Test" finished-at="2024-03-26T09:10:15 IST" duration-ms="37936">
      <class name="com.luma.base.TestRunner">
        <test-method is-config="true" signature="setUpClass(org.testng.ITestContext)[pri:0, instance:com.luma.base.TestRunner@393671df]" started-at="2024-03-26T09:09:37 IST" name="setUpClass" finished-at="2024-03-26T09:09:38 IST" duration-ms="281" status="PASS">
          <params>
            <param index="0">
              <value>
                <![CDATA[org.testng.TestRunner@5d21202d]]>
              </value>
            </param>
          </params>
          <reporter-output>
          </reporter-output>
        </test-method> <!-- setUpClass -->
        <test-method signature="runScenario(io.cucumber.testng.PickleWrapper,io.cucumber.testng.FeatureWrapper)[pri:0, instance:com.luma.base.TestRunner@393671df]" started-at="2024-03-26T09:09:38 IST" name="runScenario" description="Runs Cucumber Scenarios" data-provider="scenarios" finished-at="2024-03-26T09:09:52 IST" duration-ms="14305" status="PASS">
          <params>
            <param index="0">
              <value>
                <![CDATA["loginFunctioninvalidcredential"]]>
              </value>
            </param>
            <param index="1">
              <value>
                <![CDATA["login"]]>
              </value>
            </param>
          </params>
          <reporter-output>
          </reporter-output>
        </test-method> <!-- runScenario -->
        <test-method signature="runScenario(io.cucumber.testng.PickleWrapper,io.cucumber.testng.FeatureWrapper)[pri:0, instance:com.luma.base.TestRunner@393671df]" started-at="2024-03-26T09:09:52 IST" name="runScenario" description="Runs Cucumber Scenarios" data-provider="scenarios" finished-at="2024-03-26T09:10:04 IST" duration-ms="11748" status="PASS">
          <params>
            <param index="0">
              <value>
                <![CDATA["loginFunctioninvalidcredential"]]>
              </value>
            </param>
            <param index="1">
              <value>
                <![CDATA["login"]]>
              </value>
            </param>
          </params>
          <reporter-output>
          </reporter-output>
        </test-method> <!-- runScenario -->
        <test-method signature="runScenario(io.cucumber.testng.PickleWrapper,io.cucumber.testng.FeatureWrapper)[pri:0, instance:com.luma.base.TestRunner@393671df]" started-at="2024-03-26T09:10:04 IST" name="runScenario" description="Runs Cucumber Scenarios" data-provider="scenarios" finished-at="2024-03-26T09:10:15 IST" duration-ms="11555" status="PASS">
          <params>
            <param index="0">
              <value>
                <![CDATA["loginFunctioninvalidcredential"]]>
              </value>
            </param>
            <param index="1">
              <value>
                <![CDATA["login"]]>
              </value>
            </param>
          </params>
          <reporter-output>
          </reporter-output>
        </test-method> <!-- runScenario -->
        <test-method is-config="true" signature="tearDownClass()[pri:0, instance:com.luma.base.TestRunner@393671df]" started-at="2024-03-26T09:10:15 IST" name="tearDownClass" finished-at="2024-03-26T09:10:15 IST" duration-ms="1" status="PASS">
          <reporter-output>
          </reporter-output>
        </test-method> <!-- tearDownClass -->
      </class> <!-- com.luma.base.TestRunner -->
    </test> <!-- Test -->
  </suite> <!-- Suite -->
</testng-results>
