<?xml version="1.0" encoding="UTF-8"?>
<testng-results ignored="0" total="0" passed="0" failed="0" skipped="0">
  <reporter-output>
  </reporter-output>
  <suite started-at="2024-03-25T21:01:50 IST" name="Default suite" finished-at="2024-03-25T21:01:51 IST" duration-ms="620">
    <groups>
      <group name="cucumber">
        <method signature="AbstractTestNGCucumberTests.runScenario(io.cucumber.testng.PickleWrapper,io.cucumber.testng.FeatureWrapper)[pri:0, instance:com.luma.base.TestRunner@5c6648b0]" name="runScenario" class="io.cucumber.testng.AbstractTestNGCucumberTests"/>
      </group> <!-- cucumber -->
    </groups>
    <test started-at="2024-03-25T21:01:50 IST" name="Default test" finished-at="2024-03-25T21:01:51 IST" duration-ms="620">
      <class name="com.luma.base.TestRunner">
        <test-method is-config="true" signature="setUpClass(org.testng.ITestContext)[pri:0, instance:com.luma.base.TestRunner@5c6648b0]" started-at="2024-03-25T21:01:50 IST" name="setUpClass" finished-at="2024-03-25T21:01:51 IST" duration-ms="227" status="PASS">
          <params>
            <param index="0">
              <value>
                <![CDATA[org.testng.TestRunner@3a393455]]>
              </value>
            </param>
          </params>
          <reporter-output>
          </reporter-output>
        </test-method> <!-- setUpClass -->
        <test-method is-config="true" signature="tearDownClass()[pri:0, instance:com.luma.base.TestRunner@5c6648b0]" started-at="2024-03-25T21:01:51 IST" name="tearDownClass" finished-at="2024-03-25T21:01:51 IST" duration-ms="355" status="PASS">
          <reporter-output>
          </reporter-output>
        </test-method> <!-- tearDownClass -->
      </class> <!-- com.luma.base.TestRunner -->
    </test> <!-- Default test -->
  </suite> <!-- Default suite -->
</testng-results>
